<?xml version="1.0" encoding="UTF-8"?>
<!-- Generated by org.testng.reporters.JUnitReportReporter -->
<testsuite skipped="0" hostname="LAPTOP-DV1VL8VL" name="org.assignmenst.checkboxes" tests="1" failures="0" timestamp="06 Apr 2023 06:31:10 GMT" time="15.724" errors="0">
  <testcase name="test" time="15.724" classname="org.assignmenst.checkboxes"/>
</testsuite> <!-- org.assignmenst.checkboxes -->
