<?xml version="1.0" encoding="UTF-8"?>
<!-- Generated by org.testng.reporters.JUnitReportReporter -->
<testsuite skipped="0" hostname="LAPTOP-DV1VL8VL" name="org.assignmenst.multiselect" tests="1" failures="0" timestamp="06 Apr 2023 07:54:46 GMT" time="28.060" errors="0">
  <testcase name="test" time="28.060" classname="org.assignmenst.multiselect"/>
</testsuite> <!-- org.assignmenst.multiselect -->
